\BOOKMARK [1][-]{section.1}{Introduction}{}% 1
\BOOKMARK [1][-]{section.2}{Theory}{}% 2
\BOOKMARK [2][-]{subsection.2.1}{The material, -Ga2O3}{section.2}% 3
\BOOKMARK [2][-]{subsection.2.2}{DFT Convergence}{section.2}% 4
\BOOKMARK [2][-]{subsection.2.3}{DFT Formation Energy}{section.2}% 5
\BOOKMARK [1][-]{section.3}{Method}{}% 6
\BOOKMARK [2][-]{subsection.3.1}{Set up}{section.3}% 7
\BOOKMARK [2][-]{subsection.3.2}{Execution}{section.3}% 8
\BOOKMARK [2][-]{subsection.3.3}{Convergence}{section.3}% 9
\BOOKMARK [3][-]{subsubsection.3.3.1}{Energy cut-off}{subsection.3.3}% 10
\BOOKMARK [3][-]{subsubsection.3.3.2}{k-point density}{subsection.3.3}% 11
\BOOKMARK [1][-]{section.4}{Result and Discussion}{}% 12
\BOOKMARK [2][-]{subsection.4.1}{Primitive unit cell}{section.4}% 13
\BOOKMARK [3][-]{subsubsection.4.1.1}{Density of States}{subsection.4.1}% 14
\BOOKMARK [3][-]{subsubsection.4.1.2}{Band structure}{subsection.4.1}% 15
\BOOKMARK [2][-]{subsection.4.2}{Supercell}{section.4}% 16
\BOOKMARK [3][-]{subsubsection.4.2.1}{Relaxation and energy}{subsection.4.2}% 17
\BOOKMARK [3][-]{subsubsection.4.2.2}{Changed convergence criteria}{subsection.4.2}% 18
\BOOKMARK [2][-]{subsection.4.3}{O2 in vacuum}{section.4}% 19
\BOOKMARK [2][-]{subsection.4.4}{The different oxygen vacancies}{section.4}% 20
\BOOKMARK [3][-]{subsubsection.4.4.1}{Relaxation}{subsection.4.4}% 21
\BOOKMARK [3][-]{subsubsection.4.4.2}{Total Energy}{subsection.4.4}% 22
\BOOKMARK [3][-]{subsubsection.4.4.3}{Formation Energy}{subsection.4.4}% 23
\BOOKMARK [2][-]{subsection.4.5}{Why the O\(I\) vacancy?}{section.4}% 24
\BOOKMARK [3][-]{subsubsection.4.5.1}{Total density of states}{subsection.4.5}% 25
\BOOKMARK [3][-]{subsubsection.4.5.2}{Isosurfaces}{subsection.4.5}% 26
\BOOKMARK [3][-]{subsubsection.4.5.3}{Local DOS Ga\(II\)}{subsection.4.5}% 27
\BOOKMARK [3][-]{subsubsection.4.5.4}{Local DOS Ga\(I\)1}{subsection.4.5}% 28
\BOOKMARK [3][-]{subsubsection.4.5.5}{Bond between Ga\(I\)1 and Ga\(I\)2?}{subsection.4.5}% 29
\BOOKMARK [1][-]{section.5}{Conclusion}{}% 30
